commit 99ea0fb211b94089ac274d1c840a6f87c534fc88
Author: Gatien <legrand.gatien77@gmail.com>
Date:   Fri Sep 26 11:29:43 2025 +0200

    travail 2: travail n°4, même travaux pour classe Couleur

commit f1121f0cc0c2b272e1d69f21bd096b981895649d
Author: Gatien <legrand.gatien77@gmail.com>
Date:   Fri Sep 26 11:09:18 2025 +0200

    travail 2: travail n°3, même travaux pour classe Origine

commit 0327897475ea332ff9e55ca0e12a64ba2dcd7cc8
Author: Gatien <legrand.gatien77@gmail.com>
Date:   Wed Sep 24 11:26:33 2025 +0200

    travail 2: travail n°2, utiliser les constructeurs

commit 914d0a23bec3abe6a13a6d013fea25ca3a4fe22d
Author: Gatien <legrand.gatien77@gmail.com>
Date:   Wed Sep 24 11:02:08 2025 +0200

    travail 2: travail n°1, modifier la visibilité et créer les accesseurs

commit da415965c132fe9e45012c6c309f3ca6cb63dc39
Author: Gatien <legrand.gatien77@gmail.com>
Date:   Wed Sep 24 09:42:03 2025 +0200

    travail 3: savoir concevoir des classes à partir d'un énoncé et sans guidage

commit f83f1922cd26522141931b180ccdc943fd6e3ba2
Author: Gatien <legrand.gatien77@gmail.com>
Date:   Wed Sep 24 08:50:36 2025 +0200

    travail n°2: ajout des autres variables d'instances

commit 21b8845a6c6633dcc9a359d8d5fa62b9bdb791fa
Author: Gatien <legrand.gatien77@gmail.com>
Date:   Tue Sep 23 17:45:35 2025 +0200

    petit commit

commit 9b084c2e6f605151a9e1fb1c602e8ebc0148e427
Author: Gatien <legrand.gatien77@gmail.com>
Date:   Tue Sep 23 17:40:56 2025 +0200

    ajout de l'énoncé du travail

commit caa443531b1aaad1b02e76e7955f72fd47f34209
Author: Gatien <legrand.gatien77@gmail.com>
Date:   Tue Sep 23 17:36:09 2025 +0200

    Travail n°1: savoir créer une classe et l'instancier